<?xml version="1.0" encoding="UTF-8"?>
<!-- Generated by org.testng.reporters.JUnitReportReporter -->
<testsuite hostname="TLK1800030" failures="0" tests="4" name="ui.Login" time="0.042" errors="0" timestamp="2025-05-18T19:13:22 IST" skipped="0">
  <testcase classname="ui.Login" name="atest1" time="0.034"/>
  <testcase classname="ui.Login" name="atest2" time="0.002"/>
  <testcase classname="ui.Login" name="atest3" time="0.003"/>
  <testcase classname="ui.Login" name="atest4" time="0.003"/>
</testsuite> <!-- ui.Login -->
