<?xml version="1.0" encoding="UTF-8"?>
<!-- Generated by org.testng.reporters.JUnitReportReporter -->
<testsuite hostname="TLK1800030" failures="0" tests="2" name="testNg.New" time="0.022" errors="0" timestamp="2025-06-27T08:51:49 IST" skipped="0">
  <testcase classname="testNg.New" name="deleteproduct" time="0.003"/>
  <testcase classname="testNg.New" name="modifyproduct" time="0.019"/>
</testsuite> <!-- testNg.New -->
