<?xml version="1.0" encoding="UTF-8"?>
<!-- Generated by org.testng.reporters.JUnitReportReporter -->
<testsuite hostname="TLK1800030" failures="0" tests="1" name="Contact.CreateContactTest" time="16.831" errors="0" timestamp="2025-07-11T06:12:02 IST" skipped="0">
  <testcase classname="Contact.CreateContactTest" name="createcontact" time="16.831"/>
</testsuite> <!-- Contact.CreateContactTest -->
