<?xml version="1.0" encoding="UTF-8"?>
<!-- Generated by org.testng.reporters.JUnitReportReporter -->
<testsuite hostname="TLK1800030" failures="0" tests="1" name="ui.verifytitle" time="21.927" errors="0" timestamp="2025-05-16T21:16:35 IST" skipped="0">
  <testcase classname="ui.verifytitle" name="titletest" time="21.927"/>
</testsuite> <!-- ui.verifytitle -->
