<?xml version="1.0" encoding="UTF-8"?>
<!-- Generated by org.testng.reporters.JUnitReportReporter -->
<testsuite hostname="TLK1800030" failures="0" tests="3" name="testNg.dataProviderqsp" time="0.044" errors="0" timestamp="2025-06-28T07:41:51 IST" skipped="0">
  <testcase classname="testNg.dataProviderqsp" name="booktickets" time="0.001"/>
  <testcase classname="testNg.dataProviderqsp" name="booktickets" time="0.001"/>
  <testcase classname="testNg.dataProviderqsp" name="booktickets" time="0.042"/>
</testsuite> <!-- testNg.dataProviderqsp -->
