<?xml version="1.0" encoding="UTF-8"?>
<!-- Generated by org.testng.reporters.JUnitReportReporter -->
<testsuite hostname="TLK1800030" failures="0" tests="3" name="ui.skiptest" time="0.017" errors="0" timestamp="2025-05-18T19:26:55 IST" skipped="2">
  <testcase classname="ui.skiptest" name="skipTest2" time="0.016">
    <skipped/>
  </testcase> <!-- skipTest2 -->
  <testcase classname="ui.skiptest" name="skipTest3" time="0.001"/>
  <testcase classname="ui.skiptest" name="skipTest1">
    <skipped/>
  </testcase> <!-- skipTest1 -->
</testsuite> <!-- ui.skiptest -->
