<?xml version="1.0" encoding="UTF-8"?>
<!-- Generated by org.testng.reporters.JUnitReportReporter -->
<testsuite hostname="TLK1800030" failures="0" tests="4" name="ui.Dataproviderdemo2" time="30.201" errors="0" timestamp="2025-05-18T20:35:09 IST" skipped="0">
  <testcase classname="ui.Dataproviderdemo2" name="test" time="9.840"/>
  <testcase classname="ui.Dataproviderdemo2" name="test" time="4.578"/>
  <testcase classname="ui.Dataproviderdemo2" name="test" time="5.469"/>
  <testcase classname="ui.Dataproviderdemo2" name="test" time="10.314"/>
</testsuite> <!-- ui.Dataproviderdemo2 -->
