<?xml version="1.0" encoding="UTF-8"?>
<!-- Generated by org.testng.reporters.JUnitReportReporter -->
<testsuite hostname="TLK1800030" failures="0" tests="2" name="ui.firstlogin" time="0.017" errors="0" timestamp="2025-05-16T19:41:51 IST" skipped="0">
  <testcase classname="ui.firstlogin" name="atest1" time="0.009"/>
  <testcase classname="ui.firstlogin" name="atest2" time="0.008"/>
</testsuite> <!-- ui.firstlogin -->
