<?xml version="1.0" encoding="UTF-8"?>
<!-- Generated by org.testng.reporters.JUnitReportReporter -->
<testsuite hostname="TLK1800030" failures="0" tests="1" name="Contact.CreateContactTest" time="90.020" errors="0" timestamp="2025-07-10T06:54:29 IST" skipped="0">
  <testcase classname="Contact.CreateContactTest" name="createcontact" time="90.020"/>
</testsuite> <!-- Contact.CreateContactTest -->
