<?xml version="1.0" encoding="UTF-8"?>
<!-- Generated by org.testng.reporters.JUnitReportReporter -->
<testsuite hostname="TLK1800030" failures="0" tests="3" name="testNg.contactdata" time="233.528" errors="0" timestamp="2025-06-28T08:18:58 IST" skipped="0">
  <testcase classname="testNg.contactdata" name="createContact" time="32.411"/>
  <testcase classname="testNg.contactdata" name="createContact" time="169.152"/>
  <testcase classname="testNg.contactdata" name="createContact" time="31.965"/>
</testsuite> <!-- testNg.contactdata -->
