<?xml version="1.0" encoding="UTF-8"?>
<!-- Generated by org.testng.reporters.JUnitReportReporter -->
<testsuite hostname="TLK1800030" failures="0" tests="1" name="ui.CreateOrganizationTest" time="16.026" errors="0" timestamp="2025-07-09T08:55:15 IST" skipped="0">
  <testcase classname="ui.CreateOrganizationTest" name="CreateOrganizationTest" time="16.026"/>
</testsuite> <!-- ui.CreateOrganizationTest -->
