<?xml version="1.0" encoding="UTF-8"?>
<!-- Generated by org.testng.reporters.JUnitReportReporter -->
<testsuite hostname="TLK1800030" failures="0" tests="4" name="ui.afterbeforeclass" time="0.019" errors="0" timestamp="2025-05-21T20:51:47 IST" skipped="0">
  <testcase classname="ui.afterbeforeclass" name="atest1" time="0.010"/>
  <testcase classname="ui.afterbeforeclass" name="atest2" time="0.003"/>
  <testcase classname="ui.afterbeforeclass" name="atest3" time="0.003"/>
  <testcase classname="ui.afterbeforeclass" name="atest4" time="0.003"/>
</testsuite> <!-- ui.afterbeforeclass -->
